11-Dec-2021 11:05:38.283 信息 [main] org.apache.catalina.startup.VersionLoggerListener.log Server.服务器版本: Apache Tomcat/9.0.56
11-Dec-2021 11:05:38.287 信息 [main] org.apache.catalina.startup.VersionLoggerListener.log 服务器构建:        Dec 2 2021 14:30:07 UTC
11-Dec-2021 11:05:38.287 信息 [main] org.apache.catalina.startup.VersionLoggerListener.log 服务器版本号:      9.0.56.0
11-Dec-2021 11:05:38.287 信息 [main] org.apache.catalina.startup.VersionLoggerListener.log 操作系统名称:      Mac OS X
11-Dec-2021 11:05:38.287 信息 [main] org.apache.catalina.startup.VersionLoggerListener.log OS.版本:           10.16
11-Dec-2021 11:05:38.287 信息 [main] org.apache.catalina.startup.VersionLoggerListener.log 架构:              x86_64
11-Dec-2021 11:05:38.287 信息 [main] org.apache.catalina.startup.VersionLoggerListener.log Java 环境变量:     /Library/Java/JavaVirtualMachines/jdk1.8.0_181.jdk/Contents/Home/jre
11-Dec-2021 11:05:38.287 信息 [main] org.apache.catalina.startup.VersionLoggerListener.log Java虚拟机版本:    1.8.0_181-b13
11-Dec-2021 11:05:38.288 信息 [main] org.apache.catalina.startup.VersionLoggerListener.log JVM.供应商:        Oracle Corporation
11-Dec-2021 11:05:38.288 信息 [main] org.apache.catalina.startup.VersionLoggerListener.log CATALINA_BASE:     /Users/liuzhenhui/Envirment/tomcat-9.0.56
11-Dec-2021 11:05:38.288 信息 [main] org.apache.catalina.startup.VersionLoggerListener.log CATALINA_HOME:     /Users/liuzhenhui/Envirment/tomcat-9.0.56
11-Dec-2021 11:05:38.292 信息 [main] org.apache.catalina.startup.VersionLoggerListener.log 命令行参数：       -Djava.util.logging.config.file=/Users/liuzhenhui/Envirment/tomcat-9.0.56/conf/logging.properties
11-Dec-2021 11:05:38.292 信息 [main] org.apache.catalina.startup.VersionLoggerListener.log 命令行参数：       -Djava.util.logging.manager=org.apache.juli.ClassLoaderLogManager
11-Dec-2021 11:05:38.292 信息 [main] org.apache.catalina.startup.VersionLoggerListener.log 命令行参数：       -Djdk.tls.ephemeralDHKeySize=2048
11-Dec-2021 11:05:38.293 信息 [main] org.apache.catalina.startup.VersionLoggerListener.log 命令行参数：       -Djava.protocol.handler.pkgs=org.apache.catalina.webresources
11-Dec-2021 11:05:38.293 信息 [main] org.apache.catalina.startup.VersionLoggerListener.log 命令行参数：       -Dorg.apache.catalina.security.SecurityListener.UMASK=0027
11-Dec-2021 11:05:38.293 信息 [main] org.apache.catalina.startup.VersionLoggerListener.log 命令行参数：       -Dignore.endorsed.dirs=
11-Dec-2021 11:05:38.293 信息 [main] org.apache.catalina.startup.VersionLoggerListener.log 命令行参数：       -Dcatalina.base=/Users/liuzhenhui/Envirment/tomcat-9.0.56
11-Dec-2021 11:05:38.293 信息 [main] org.apache.catalina.startup.VersionLoggerListener.log 命令行参数：       -Dcatalina.home=/Users/liuzhenhui/Envirment/tomcat-9.0.56
11-Dec-2021 11:05:38.293 信息 [main] org.apache.catalina.startup.VersionLoggerListener.log 命令行参数：       -Djava.io.tmpdir=/Users/liuzhenhui/Envirment/tomcat-9.0.56/temp
11-Dec-2021 11:05:38.295 信息 [main] org.apache.catalina.core.AprLifecycleListener.lifecycleEvent 在java.library.path:[/Users/liuzhenhui/Library/Java/Extensions:/Library/Java/Extensions:/Network/Library/Java/Extensions:/System/Library/Java/Extensions:/usr/lib/java:.]上找不到基于APR的Apache Tomcat本机库，该库允许在生产环境中获得最佳性能
11-Dec-2021 11:05:38.622 信息 [main] org.apache.coyote.AbstractProtocol.init 初始化协议处理器 ["http-nio-8080"]
11-Dec-2021 11:05:38.648 信息 [main] org.apache.catalina.startup.Catalina.load 服务器在[577]毫秒内初始化
11-Dec-2021 11:05:38.678 信息 [main] org.apache.catalina.core.StandardService.startInternal 正在启动服务[Catalina]
11-Dec-2021 11:05:38.678 信息 [main] org.apache.catalina.core.StandardEngine.startInternal 正在启动 Servlet 引擎：[Apache Tomcat/9.0.56]
11-Dec-2021 11:05:38.698 信息 [main] org.apache.catalina.startup.HostConfig.deployWAR 正在部署web应用程序存档文件[/Users/liuzhenhui/Envirment/tomcat-9.0.56/webapps/springdemo.war]
11-Dec-2021 11:05:41.167 信息 [main] org.apache.jasper.servlet.TldScanner.scanJars 至少有一个JAR被扫描用于TLD但尚未包含TLD。 为此记录器启用调试日志记录，以获取已扫描但未在其中找到TLD的完整JAR列表。 在扫描期间跳过不需要的JAR可以缩短启动时间和JSP编译时间。
11-Dec-2021 11:05:44.716 信息 [main] org.apache.catalina.startup.HostConfig.deployWAR web应用程序存档文件[/Users/liuzhenhui/Envirment/tomcat-9.0.56/webapps/springdemo.war]的部署已在[6,018]ms内完成
11-Dec-2021 11:05:44.717 信息 [main] org.apache.catalina.startup.HostConfig.deployDirectory 把web 应用程序部署到目录 [/Users/liuzhenhui/Envirment/tomcat-9.0.56/webapps/docs]
11-Dec-2021 11:05:44.734 信息 [main] org.apache.catalina.startup.HostConfig.deployDirectory Web应用程序目录[/Users/liuzhenhui/Envirment/tomcat-9.0.56/webapps/docs]的部署已在[17]毫秒内完成
11-Dec-2021 11:05:44.734 信息 [main] org.apache.catalina.startup.HostConfig.deployDirectory 把web 应用程序部署到目录 [/Users/liuzhenhui/Envirment/tomcat-9.0.56/webapps/manager]
11-Dec-2021 11:05:44.764 信息 [main] org.apache.catalina.startup.HostConfig.deployDirectory Web应用程序目录[/Users/liuzhenhui/Envirment/tomcat-9.0.56/webapps/manager]的部署已在[30]毫秒内完成
11-Dec-2021 11:05:44.764 信息 [main] org.apache.catalina.startup.HostConfig.deployDirectory 把web 应用程序部署到目录 [/Users/liuzhenhui/Envirment/tomcat-9.0.56/webapps/examples]
11-Dec-2021 11:05:45.044 信息 [main] org.apache.catalina.startup.HostConfig.deployDirectory Web应用程序目录[/Users/liuzhenhui/Envirment/tomcat-9.0.56/webapps/examples]的部署已在[280]毫秒内完成
11-Dec-2021 11:05:45.044 信息 [main] org.apache.catalina.startup.HostConfig.deployDirectory 把web 应用程序部署到目录 [/Users/liuzhenhui/Envirment/tomcat-9.0.56/webapps/ROOT]
11-Dec-2021 11:05:45.060 信息 [main] org.apache.catalina.startup.HostConfig.deployDirectory Web应用程序目录[/Users/liuzhenhui/Envirment/tomcat-9.0.56/webapps/ROOT]的部署已在[16]毫秒内完成
11-Dec-2021 11:05:45.060 信息 [main] org.apache.catalina.startup.HostConfig.deployDirectory 把web 应用程序部署到目录 [/Users/liuzhenhui/Envirment/tomcat-9.0.56/webapps/host-manager]
11-Dec-2021 11:05:45.078 信息 [main] org.apache.catalina.startup.HostConfig.deployDirectory Web应用程序目录[/Users/liuzhenhui/Envirment/tomcat-9.0.56/webapps/host-manager]的部署已在[18]毫秒内完成
11-Dec-2021 11:05:45.081 信息 [main] org.apache.coyote.AbstractProtocol.start 开始协议处理句柄["http-nio-8080"]
11-Dec-2021 11:05:45.092 信息 [main] org.apache.catalina.startup.Catalina.start [6444]毫秒后服务器启动
11-Dec-2021 11:05:50.767 信息 [main] org.apache.catalina.core.StandardServer.await 通过关闭端口接收到有效的关闭命令。正在停止服务器实例。
11-Dec-2021 11:05:50.768 信息 [main] org.apache.coyote.AbstractProtocol.pause 暂停ProtocolHandler["http-nio-8080"]
11-Dec-2021 11:05:51.778 信息 [main] org.apache.catalina.core.StandardService.stopInternal 正在停止服务[Catalina]
11-Dec-2021 11:05:51.804 信息 [main] org.apache.coyote.AbstractProtocol.stop 正在停止ProtocolHandler ["http-nio-8080"]
11-Dec-2021 11:06:01.806 警告 [main] org.apache.tomcat.util.net.Acceptor.stop 接收器线程[http-nio-8080-Acceptor]未能干净的停止
11-Dec-2021 11:06:01.810 信息 [main] org.apache.coyote.AbstractProtocol.destroy 正在摧毁协议处理器 ["http-nio-8080"]
11-Dec-2021 11:06:01.811 警告 [main] org.apache.tomcat.util.net.NioEndpoint.unbind 无法为 [http-nio-8080] 关闭服务器 socket
	java.io.IOException: Unknown error: 316
		at sun.nio.ch.NativeThread.signal(Native Method)
		at sun.nio.ch.ServerSocketChannelImpl.implCloseSelectableChannel(ServerSocketChannelImpl.java:292)
		at java.nio.channels.spi.AbstractSelectableChannel.implCloseChannel(AbstractSelectableChannel.java:234)
		at java.nio.channels.spi.AbstractInterruptibleChannel.close(AbstractInterruptibleChannel.java:115)
		at org.apache.tomcat.util.net.NioEndpoint.doCloseServerSocket(NioEndpoint.java:394)
		at org.apache.tomcat.util.net.NioEndpoint.unbind(NioEndpoint.java:373)
		at org.apache.tomcat.util.net.AbstractEndpoint.destroy(AbstractEndpoint.java:1350)
		at org.apache.coyote.AbstractProtocol.destroy(AbstractProtocol.java:712)
		at org.apache.coyote.http11.AbstractHttp11Protocol.destroy(AbstractHttp11Protocol.java:105)
		at org.apache.catalina.connector.Connector.destroyInternal(Connector.java:1105)
		at org.apache.catalina.util.LifecycleBase.destroy(LifecycleBase.java:321)
		at org.apache.catalina.core.StandardService.destroyInternal(StandardService.java:569)
		at org.apache.catalina.util.LifecycleBase.destroy(LifecycleBase.java:321)
		at org.apache.catalina.core.StandardServer.destroyInternal(StandardServer.java:1050)
		at org.apache.catalina.util.LifecycleBase.destroy(LifecycleBase.java:321)
		at org.apache.catalina.startup.Catalina.stop(Catalina.java:850)
		at org.apache.catalina.startup.Catalina.start(Catalina.java:811)
		at sun.reflect.NativeMethodAccessorImpl.invoke0(Native Method)
		at sun.reflect.NativeMethodAccessorImpl.invoke(NativeMethodAccessorImpl.java:62)
		at sun.reflect.DelegatingMethodAccessorImpl.invoke(DelegatingMethodAccessorImpl.java:43)
		at java.lang.reflect.Method.invoke(Method.java:498)
		at org.apache.catalina.startup.Bootstrap.start(Bootstrap.java:345)
		at org.apache.catalina.startup.Bootstrap.main(Bootstrap.java:476)
